Build started 2010/3/26 10:11:52.
     1>Project "E:\T3000_Building_Automation_System\ModbusDllforVc\ModbusDllforVc\ModbusDllforVc.vcxproj" on node 2 (build target(s)).
     1>InitializeBuildStatus:
         Creating "..\..\T3000 Output\modbusdll object\release\ModbusDllforVc.unsuccessfulbuild" because "AlwaysCreate" was specified.
       ClCompile:
         E:\Program Files\Microsoft Visual Studio 10.0\VC\bin\CL.exe /c /Zi /nologo /W3 /WX- /O2 /Oi /Oy- /GL /D WIN32 /D _WINDOWS /D NDEBUG /D _USRDLL /D _WINDLL /D _UNICODE /D UNICODE /Gm- /EHsc /MT /GS /Gy /fp:precise /Zc:wchar_t /Zc:forScope /Yc"StdAfx.h" /Fp"..\..\T3000 Output\modbusdll object\release\ModbusDllforVc.pch" /Fo"..\..\T3000 Output\modbusdll object\release\\" /Fd"..\..\T3000 Output\modbusdll object\release\vc100.pdb" /Gd /TP /analyze- /errorReport:prompt stdafx.cpp
         stdafx.cpp
         E:\Program Files\Microsoft Visual Studio 10.0\VC\bin\CL.exe /c /Zi /nologo /W3 /WX- /O2 /Oi /Oy- /GL /D WIN32 /D _WINDOWS /D NDEBUG /D _USRDLL /D _WINDLL /D _UNICODE /D UNICODE /Gm- /EHsc /MT /GS /Gy /fp:precise /Zc:wchar_t /Zc:forScope /Yu"StdAfx.h" /Fp"..\..\T3000 Output\modbusdll object\release\ModbusDllforVc.pch" /Fo"..\..\T3000 Output\modbusdll object\release\\" /Fd"..\..\T3000 Output\modbusdll object\release\vc100.pdb" /Gd /TP /analyze- /errorReport:prompt ModbusDllforVc.cpp common.cpp crc.cpp extern_variable.cpp
         ModbusDllforVc.cpp
         common.cpp
     1>common.cpp(404): warning C4101: 'crc' : unreferenced local variable
     1>common.cpp(405): warning C4101: 'm_had_send_data_number' : unreferenced local variable
     1>common.cpp(665): warning C4800: 'BOOL' : forcing value to bool 'true' or 'false' (performance warning)
     1>common.cpp(985): warning C4101: 'crc' : unreferenced local variable
     1>common.cpp(986): warning C4101: 'm_had_send_data_number' : unreferenced local variable
     1>common.cpp(1340): warning C4101: 'crc' : unreferenced local variable
     1>common.cpp(1309): warning C4101: 'm_had_send_data_number' : unreferenced local variable
     1>common.cpp(1628): warning C4101: 'm_had_send_data_number' : unreferenced local variable
     1>common.cpp(1788): warning C4101: 'm_had_send_data_number' : unreferenced local variable
     1>common.cpp(2263): warning C4101: 'crc' : unreferenced local variable
     1>common.cpp(2264): warning C4101: 'm_had_send_data_number' : unreferenced local variable
     1>common.cpp(2660): warning C4101: 'crc' : unreferenced local variable
     1>common.cpp(2661): warning C4101: 'm_had_send_data_number' : unreferenced local variable
     1>common.cpp(3016): warning C4101: 'crc' : unreferenced local variable
     1>common.cpp(2985): warning C4101: 'm_had_send_data_number' : unreferenced local variable
     1>common.cpp(3432): warning C4101: 'crc' : unreferenced local variable
     1>common.cpp(3433): warning C4101: 'm_had_send_data_number' : unreferenced local variable
     1>common.cpp(3684): warning C4101: 'm_had_send_data_number' : unreferenced local variable
     1>common.cpp(3939): warning C4101: 'crc' : unreferenced local variable
     1>common.cpp(3940): warning C4101: 'm_had_send_data_number' : unreferenced local variable
         crc.cpp
         extern_variable.cpp
       ResourceCompile:
         c:\Program Files\Microsoft SDKs\Windows\v7.0A\bin\rc.exe /D NDEBUG /D _UNICODE /D UNICODE /l"0x0409" /I"..\..\T3000 Output\modbusdll object\release\\" /nologo /fo"..\..\T3000 Output\modbusdll object\release\ModbusDllforVc.res" ModbusDllforVc.rc 
       Link:
         E:\Program Files\Microsoft Visual Studio 10.0\VC\bin\link.exe /ERRORREPORT:PROMPT /OUT:"..\..\T3000 Output\release\ModbusDllforVc.dll" /INCREMENTAL:NO /NOLOGO /DEF:".\ModbusDllforVc.def" /MANIFEST /ManifestFile:"..\..\T3000 Output\modbusdll object\release\ModbusDllforVc.dll.intermediate.manifest" /MANIFESTUAC:"level='asInvoker' uiAccess='false'" /DEBUG /PDB:"E:\T3000_Building_Automation_System\T3000 Output\release\ModbusDllforVc.pdb" /SUBSYSTEM:WINDOWS /OPT:REF /OPT:ICF /LTCG /TLBID:1 /DYNAMICBASE /NXCOMPAT /IMPLIB:"..\..\T3000 Output\release\ModbusDllforVc.lib" /MACHINE:X86 /DLL "..\..\T3000 Output\modbusdll object\release\ModbusDllforVc.res"
         "..\..\T3000 Output\modbusdll object\release\common.obj"
         "..\..\T3000 Output\modbusdll object\release\crc.obj"
         "..\..\T3000 Output\modbusdll object\release\extern_variable.obj"
         "..\..\T3000 Output\modbusdll object\release\ModbusDllforVc.obj"
         "..\..\T3000 Output\modbusdll object\release\stdafx.obj"
            Creating library ..\..\T3000 Output\release\ModbusDllforVc.lib and object ..\..\T3000 Output\release\ModbusDllforVc.exp
         Generating code
     1>e:\t3000_building_automation_system\modbusdllforvc\modbusdllforvc\common.cpp(3712): warning C4715: 'read_multi2' : not all control paths return a value
     1>e:\t3000_building_automation_system\modbusdllforvc\modbusdllforvc\common.cpp(3509): warning C4715: 'NetController_CheckTstatOnline2_a' : not all control paths return a value
     1>e:\t3000_building_automation_system\modbusdllforvc\modbusdllforvc\common.cpp(3125): warning C4715: 'Write_One2' : not all control paths return a value
     1>e:\t3000_building_automation_system\modbusdllforvc\modbusdllforvc\common.cpp(2761): warning C4715: 'Read_One2' : not all control paths return a value
     1>e:\t3000_building_automation_system\modbusdllforvc\modbusdllforvc\common.cpp(2358): warning C4715: 'GetCommunicationHandle' : not all control paths return a value
     1>e:\t3000_building_automation_system\modbusdllforvc\modbusdllforvc\common.cpp(2340): warning C4715: 'NetController_CheckTstatOnline2' : not all control paths return a value
     1>e:\t3000_building_automation_system\modbusdllforvc\modbusdllforvc\common.cpp(1807): warning C4715: 'write_multi' : not all control paths return a value
     1>e:\t3000_building_automation_system\modbusdllforvc\modbusdllforvc\common.cpp(1656): warning C4715: 'read_multi' : not all control paths return a value
     1>e:\t3000_building_automation_system\modbusdllforvc\modbusdllforvc\common.cpp(1449): warning C4715: 'Write_One' : not all control paths return a value
     1>e:\t3000_building_automation_system\modbusdllforvc\modbusdllforvc\common.cpp(1086): warning C4715: 'Read_One' : not all control paths return a value
     1>e:\t3000_building_automation_system\modbusdllforvc\modbusdllforvc\common.cpp(800): warning C4715: 'is_connect' : not all control paths return a value
     1>e:\t3000_building_automation_system\modbusdllforvc\modbusdllforvc\common.cpp(502): warning C4715: 'CheckTstatOnline2' : not all control paths return a value
     1>e:\t3000_building_automation_system\modbusdllforvc\modbusdllforvc\common.cpp(438): warning C4789: destination of memory copy is too small
     1>e:\t3000_building_automation_system\modbusdllforvc\modbusdllforvc\common.cpp(624): warning C4715: 'CheckTstatOnline' : not all control paths return a value
     1>e:\t3000_building_automation_system\modbusdllforvc\modbusdllforvc\common.cpp(4152): warning C4715: 'CheckTstatOnline2_a' : not all control paths return a value
     1>e:\t3000_building_automation_system\modbusdllforvc\modbusdllforvc\common.cpp(3979): warning C4789: destination of memory copy is too small
     1>e:\t3000_building_automation_system\modbusdllforvc\modbusdllforvc\common.cpp(4274): warning C4715: 'CheckTstatOnline_a' : not all control paths return a value
         Finished generating code
         ModbusDllforVc.vcxproj -> E:\T3000_Building_Automation_System\ModbusDllforVc\ModbusDllforVc\..\..\T3000 Output\release\ModbusDllforVc.dll
       Manifest:
         c:\Program Files\Microsoft SDKs\Windows\v7.0A\bin\mt.exe /nologo /verbose /outputresource:"..\..\T3000 Output\release\ModbusDllforVc.dll;#2" /manifest "..\..\T3000 Output\modbusdll object\release\ModbusDllforVc.dll.intermediate.manifest" "E:\Program Files\Microsoft Visual Studio 10.0\VC\Include\Manifest\dpiaware.manifest"
       FinalizeBuildStatus:
         Deleting file "..\..\T3000 Output\modbusdll object\release\ModbusDllforVc.unsuccessfulbuild".
         Touching "..\..\T3000 Output\modbusdll object\release\ModbusDllforVc.lastbuildstate".
     1>Done Building Project "E:\T3000_Building_Automation_System\ModbusDllforVc\ModbusDllforVc\ModbusDllforVc.vcxproj" (build target(s)).

Build succeeded.

Time Elapsed 00:00:38.43
