H:\WEBFORALEX\T3000_BUILDING_AUTOMATION_SYSTEM\MODBUS POLL\DEBUG\CHARTAXIS.OBJ
H:\WEBFORALEX\T3000_BUILDING_AUTOMATION_SYSTEM\MODBUS POLL\DEBUG\CHARTAXISLABEL.OBJ
H:\WEBFORALEX\T3000_BUILDING_AUTOMATION_SYSTEM\MODBUS POLL\DEBUG\CHARTBARSERIE.OBJ
H:\WEBFORALEX\T3000_BUILDING_AUTOMATION_SYSTEM\MODBUS POLL\DEBUG\CHARTCANDLESTICKSERIE.OBJ
H:\WEBFORALEX\T3000_BUILDING_AUTOMATION_SYSTEM\MODBUS POLL\DEBUG\CHARTCROSSHAIRCURSOR.OBJ
H:\WEBFORALEX\T3000_BUILDING_AUTOMATION_SYSTEM\MODBUS POLL\DEBUG\CHARTCTRL.OBJ
H:\WEBFORALEX\T3000_BUILDING_AUTOMATION_SYSTEM\MODBUS POLL\DEBUG\CHARTCURSOR.OBJ
H:\WEBFORALEX\T3000_BUILDING_AUTOMATION_SYSTEM\MODBUS POLL\DEBUG\CHARTDATETIMEAXIS.OBJ
H:\WEBFORALEX\T3000_BUILDING_AUTOMATION_SYSTEM\MODBUS POLL\DEBUG\CHARTDRAGLINECURSOR.OBJ
H:\WEBFORALEX\T3000_BUILDING_AUTOMATION_SYSTEM\MODBUS POLL\DEBUG\CHARTFONT.OBJ
H:\WEBFORALEX\T3000_BUILDING_AUTOMATION_SYSTEM\MODBUS POLL\DEBUG\CHARTGANTTSERIE.OBJ
H:\WEBFORALEX\T3000_BUILDING_AUTOMATION_SYSTEM\MODBUS POLL\DEBUG\CHARTGRADIENT.OBJ
H:\WEBFORALEX\T3000_BUILDING_AUTOMATION_SYSTEM\MODBUS POLL\DEBUG\CHARTGRID.OBJ
H:\WEBFORALEX\T3000_BUILDING_AUTOMATION_SYSTEM\MODBUS POLL\DEBUG\CHARTLEGEND.OBJ
H:\WEBFORALEX\T3000_BUILDING_AUTOMATION_SYSTEM\MODBUS POLL\DEBUG\CHARTLINESERIE.OBJ
H:\WEBFORALEX\T3000_BUILDING_AUTOMATION_SYSTEM\MODBUS POLL\DEBUG\CHARTLOGARITHMICAXIS.OBJ
H:\WEBFORALEX\T3000_BUILDING_AUTOMATION_SYSTEM\MODBUS POLL\DEBUG\CHARTPOINTSSERIE.OBJ
H:\WEBFORALEX\T3000_BUILDING_AUTOMATION_SYSTEM\MODBUS POLL\DEBUG\CHARTSCROLLBAR.OBJ
H:\WEBFORALEX\T3000_BUILDING_AUTOMATION_SYSTEM\MODBUS POLL\DEBUG\CHARTSERIE.OBJ
H:\WEBFORALEX\T3000_BUILDING_AUTOMATION_SYSTEM\MODBUS POLL\DEBUG\CHARTSTANDARDAXIS.OBJ
H:\WEBFORALEX\T3000_BUILDING_AUTOMATION_SYSTEM\MODBUS POLL\DEBUG\CHARTSURFACESERIE.OBJ
H:\WEBFORALEX\T3000_BUILDING_AUTOMATION_SYSTEM\MODBUS POLL\DEBUG\CHARTTITLE.OBJ
H:\WEBFORALEX\T3000_BUILDING_AUTOMATION_SYSTEM\MODBUS POLL\DEBUG\CHARTXYSERIE.OBJ
H:\WEBFORALEX\T3000_BUILDING_AUTOMATION_SYSTEM\MODBUS POLL\DEBUG\CHILDFRM.OBJ
H:\WebForAlex\T3000_Building_Automation_System\Modbus Poll\Debug\cl.command.1.tlog
H:\WebForAlex\T3000_Building_Automation_System\Modbus Poll\Debug\CL.read.1.tlog
H:\WebForAlex\T3000_Building_Automation_System\Modbus Poll\Debug\CL.write.1.tlog
H:\WEBFORALEX\T3000_BUILDING_AUTOMATION_SYSTEM\MODBUS POLL\DEBUG\COMMUNICATIONTRAFFICDLG.OBJ
H:\WEBFORALEX\T3000_BUILDING_AUTOMATION_SYSTEM\MODBUS POLL\DEBUG\CONNECTIONSETUP.OBJ
H:\WEBFORALEX\T3000_BUILDING_AUTOMATION_SYSTEM\MODBUS POLL\DEBUG\ENTER_VALUE_BINARYDLG.OBJ
H:\WEBFORALEX\T3000_BUILDING_AUTOMATION_SYSTEM\MODBUS POLL\DEBUG\ENTERVALUEDLG.OBJ
H:\WEBFORALEX\T3000_BUILDING_AUTOMATION_SYSTEM\MODBUS POLL\DEBUG\GLOBLE_FUNCTION.OBJ
H:\WebForAlex\T3000_Building_Automation_System\Modbus Poll\Debug\link.command.1.tlog
H:\WebForAlex\T3000_Building_Automation_System\Modbus Poll\Debug\link.read.1.tlog
H:\WebForAlex\T3000_Building_Automation_System\Modbus Poll\Debug\link.write.1.tlog
H:\WEBFORALEX\T3000_BUILDING_AUTOMATION_SYSTEM\MODBUS POLL\DEBUG\MAINFRM.OBJ
H:\WebForAlex\T3000_Building_Automation_System\Modbus Poll\Debug\Modbus Poll.exe.embed.manifest
H:\WEBFORALEX\T3000_BUILDING_AUTOMATION_SYSTEM\MODBUS POLL\DEBUG\MODBUS POLL.EXE.EMBED.MANIFEST.RES
H:\WEBFORALEX\T3000_BUILDING_AUTOMATION_SYSTEM\MODBUS POLL\DEBUG\MODBUS POLL.OBJ
H:\WEBFORALEX\T3000_BUILDING_AUTOMATION_SYSTEM\MODBUS POLL\DEBUG\MODBUS POLL.PCH
H:\WEBFORALEX\T3000_BUILDING_AUTOMATION_SYSTEM\MODBUS POLL\DEBUG\MODBUS POLL.RES
H:\WebForAlex\T3000_Building_Automation_System\Modbus Poll\Debug\Modbus Poll_manifest.rc
H:\WEBFORALEX\T3000_BUILDING_AUTOMATION_SYSTEM\MODBUS POLL\DEBUG\MODBUS POLLDOC.OBJ
H:\WEBFORALEX\T3000_BUILDING_AUTOMATION_SYSTEM\MODBUS POLL\DEBUG\MODBUS POLLVIEW.OBJ
H:\WEBFORALEX\T3000_BUILDING_AUTOMATION_SYSTEM\MODBUS POLL\DEBUG\MSFLEXGRID1.OBJ
H:\WebForAlex\T3000_Building_Automation_System\Modbus Poll\Debug\rc.command.1.tlog
H:\WebForAlex\T3000_Building_Automation_System\Modbus Poll\Debug\rc.read.1.tlog
H:\WebForAlex\T3000_Building_Automation_System\Modbus Poll\Debug\rc.write.1.tlog
H:\WEBFORALEX\T3000_BUILDING_AUTOMATION_SYSTEM\MODBUS POLL\DEBUG\READWRITE_MULTIPLE_REGDLG.OBJ
H:\WEBFORALEX\T3000_BUILDING_AUTOMATION_SYSTEM\MODBUS POLL\DEBUG\READWRITEDEFINITIONDLG.OBJ
H:\WEBFORALEX\T3000_BUILDING_AUTOMATION_SYSTEM\MODBUS POLL\DEBUG\REGISTERVALUEANALYZERDLG.OBJ
H:\WEBFORALEX\T3000_BUILDING_AUTOMATION_SYSTEM\MODBUS POLL\DEBUG\STDAFX.OBJ
H:\WebForAlex\T3000_Building_Automation_System\Modbus Poll\Debug\vc100.idb
H:\WEBFORALEX\T3000_BUILDING_AUTOMATION_SYSTEM\MODBUS POLL\DEBUG\VC100.PDB
H:\WEBFORALEX\T3000_BUILDING_AUTOMATION_SYSTEM\MODBUS POLL\DEBUG\WRITEMULTIREGISTERSDLG.OBJ
H:\WEBFORALEX\T3000_BUILDING_AUTOMATION_SYSTEM\MODBUS POLL\DEBUG\WRITESINGLE_BINARYDLG.OBJ
H:\WEBFORALEX\T3000_BUILDING_AUTOMATION_SYSTEM\MODBUS POLL\DEBUG\WRITESINGLEREGISTERDLG.OBJ
