Build started 2014-5-23 16:25:52.
     1>Project "H:\GitHub\T3000_Building_Automation_System\Modbus Poll\Modbus Poll.vcxproj" on node 2 (build target(s)).
     1>D:\Program Files\MSBuild\Microsoft.Cpp\v4.0\Microsoft.CppBuild.targets(299,5): warning MSB8004: Output Directory does not end with a trailing slash.  This build instance will add the slash as it is required to allow proper evaluation of the Output Directory.
     1>InitializeBuildStatus:
         Creating "Debug\Modbus Poll.unsuccessfulbuild" because "AlwaysCreate" was specified.
       ClCompile:
         All outputs are up-to-date.
         All outputs are up-to-date.
       ResourceCompile:
         All outputs are up-to-date.
       ManifestResourceCompile:
         All outputs are up-to-date.
       Link:
         All outputs are up-to-date.
       Manifest:
         D:\Program Files\Microsoft SDKs\Windows\v7.0A\bin\mt.exe /nologo /verbose /out:"Debug\Modbus Poll.exe.embed.manifest" /manifest "Debug\Modbus Poll.exe.intermediate.manifest" "E:\Program Files\VS2010\VC\Include\Manifest\dpiaware.manifest"
         All outputs are up-to-date.
       FinalizeBuildStatus:
         Deleting file "Debug\Modbus Poll.unsuccessfulbuild".
         Touching "Debug\Modbus Poll.lastbuildstate".
     1>Done Building Project "H:\GitHub\T3000_Building_Automation_System\Modbus Poll\Modbus Poll.vcxproj" (build target(s)).

Build succeeded.

Time Elapsed 00:00:00.23
