Build started 2014-5-23 16:35:31.
     1>Project "H:\GitHub\T3000_Building_Automation_System\Modbus Poll\Modbus Poll.vcxproj" on node 2 (build target(s)).
     1>D:\Program Files\MSBuild\Microsoft.Cpp\v4.0\Microsoft.CppBuild.targets(299,5): warning MSB8004: Output Directory does not end with a trailing slash.  This build instance will add the slash as it is required to allow proper evaluation of the Output Directory.
     1>InitializeBuildStatus:
         Creating "Release\Modbus Poll.unsuccessfulbuild" because "AlwaysCreate" was specified.
       ClCompile:
         E:\Program Files\VS2010\VC\bin\CL.exe /c /Zi /nologo /W3 /WX- /O2 /Oi /Oy- /GL /D WIN32 /D _WINDOWS /D NDEBUG /D _UNICODE /D UNICODE /D _AFXDLL /Gm- /EHsc /MD /GS /Gy /fp:precise /Zc:wchar_t /Zc:forScope /Yc"StdAfx.h" /Fp"Release\Modbus Poll.pch" /Fo"Release\\" /Fd"Release\vc100.pdb" /Gd /TP /analyze- /errorReport:prompt stdafx.cpp
         stdafx.cpp
         E:\Program Files\VS2010\VC\bin\CL.exe /c /Zi /nologo /W3 /WX- /O2 /Oi /Oy- /GL /D WIN32 /D _WINDOWS /D NDEBUG /D _UNICODE /D UNICODE /D _AFXDLL /Gm- /EHsc /MD /GS /Gy /fp:precise /Zc:wchar_t /Zc:forScope /Yu"StdAfx.h" /Fp"Release\Modbus Poll.pch" /Fo"Release\\" /Fd"Release\vc100.pdb" /Gd /TP /analyze- /errorReport:prompt ChartCtrl\ChartAxis.cpp ChartCtrl\ChartAxisLabel.cpp ChartCtrl\ChartBarSerie.cpp ChartCtrl\ChartCandlestickSerie.cpp ChartCtrl\ChartCrossHairCursor.cpp ChartCtrl\ChartCtrl.cpp ChartCtrl\ChartCursor.cpp ChartCtrl\ChartDateTimeAxis.cpp ChartCtrl\ChartDragLineCursor.cpp ChartCtrl\ChartFont.cpp ChartCtrl\ChartGanttSerie.cpp ChartCtrl\ChartGradient.cpp ChartCtrl\ChartGrid.cpp ChartCtrl\ChartLegend.cpp ChartCtrl\ChartLineSerie.cpp ChartCtrl\ChartLogarithmicAxis.cpp ChartCtrl\ChartPointsSerie.cpp ChartCtrl\ChartScrollBar.cpp ChartCtrl\ChartSerie.cpp ChartCtrl\ChartStandardAxis.cpp ChartCtrl\ChartSurfaceSerie.cpp ChartCtrl\ChartTitle.cpp ChartCtrl\ChartXYSerie.cpp ChildFrm.cpp CommunicationTrafficDlg.cpp ConnectionSetup.cpp EnterValueDlg.cpp Enter_Value_BinaryDlg.cpp globle_function.cpp MainFrm.cpp "Modbus Poll.cpp" "Modbus PollDoc.cpp" "Modbus PollView.cpp" msflexgrid1.cpp ReadWriteDefinitionDlg.cpp ReadWrite_Multiple_RegDlg.cpp RegisterValueAnalyzerDlg.cpp WriteMultiRegistersDlg.cpp WriteSingleRegisterDlg.cpp WriteSingle_BinaryDlg.cpp
         ChartAxis.cpp
         ChartAxisLabel.cpp
         ChartBarSerie.cpp
         ChartCandlestickSerie.cpp
         ChartCrossHairCursor.cpp
         ChartCtrl.cpp
         ChartCursor.cpp
         ChartDateTimeAxis.cpp
         ChartDragLineCursor.cpp
         ChartFont.cpp
         ChartGanttSerie.cpp
         ChartGradient.cpp
         ChartGrid.cpp
         ChartLegend.cpp
         ChartLineSerie.cpp
         ChartLogarithmicAxis.cpp
         ChartPointsSerie.cpp
         ChartScrollBar.cpp
         ChartSerie.cpp
         ChartStandardAxis.cpp
         Compiling...
         ChartSurfaceSerie.cpp
         ChartTitle.cpp
         ChartXYSerie.cpp
         ChildFrm.cpp
     1>h:\github\t3000_building_automation_system\modbus poll\msflexgrid1.h(72): warning C4146: unary minus operator applied to unsigned type, result still unsigned
     1>h:\github\t3000_building_automation_system\modbus poll\global_struct.h(11): warning C4091: 'typedef ' : ignored on left of 'RegPoint' when no variable is declared
     1>h:\github\t3000_building_automation_system\modbus poll\global_struct.h(18): warning C4091: 'typedef ' : ignored on left of 'Registers_Infor' when no variable is declared
         CommunicationTrafficDlg.cpp
     1>h:\github\t3000_building_automation_system\modbus poll\global_struct.h(11): warning C4091: 'typedef ' : ignored on left of 'RegPoint' when no variable is declared
     1>h:\github\t3000_building_automation_system\modbus poll\global_struct.h(18): warning C4091: 'typedef ' : ignored on left of 'Registers_Infor' when no variable is declared
     1>CommunicationTrafficDlg.cpp(218): warning C4996: 'strcpy': This function or variable may be unsafe. Consider using strcpy_s instead. To disable deprecation, use _CRT_SECURE_NO_WARNINGS. See online help for details.
                 E:\Program Files\VS2010\VC\include\string.h(105) : see declaration of 'strcpy'
         ConnectionSetup.cpp
     1>h:\github\t3000_building_automation_system\modbus poll\global_struct.h(11): warning C4091: 'typedef ' : ignored on left of 'RegPoint' when no variable is declared
     1>h:\github\t3000_building_automation_system\modbus poll\global_struct.h(18): warning C4091: 'typedef ' : ignored on left of 'Registers_Infor' when no variable is declared
     1>h:\github\t3000_building_automation_system\modbus poll\msflexgrid1.h(72): warning C4146: unary minus operator applied to unsigned type, result still unsigned
         EnterValueDlg.cpp
         Enter_Value_BinaryDlg.cpp
         globle_function.cpp
     1>h:\github\t3000_building_automation_system\modbus poll\msflexgrid1.h(72): warning C4146: unary minus operator applied to unsigned type, result still unsigned
     1>h:\github\t3000_building_automation_system\modbus poll\global_struct.h(11): warning C4091: 'typedef ' : ignored on left of 'RegPoint' when no variable is declared
     1>h:\github\t3000_building_automation_system\modbus poll\global_struct.h(18): warning C4091: 'typedef ' : ignored on left of 'Registers_Infor' when no variable is declared
         MainFrm.cpp
     1>h:\github\t3000_building_automation_system\modbus poll\global_struct.h(11): warning C4091: 'typedef ' : ignored on left of 'RegPoint' when no variable is declared
     1>h:\github\t3000_building_automation_system\modbus poll\global_struct.h(18): warning C4091: 'typedef ' : ignored on left of 'Registers_Infor' when no variable is declared
     1>h:\github\t3000_building_automation_system\modbus poll\msflexgrid1.h(72): warning C4146: unary minus operator applied to unsigned type, result still unsigned
         Modbus Poll.cpp
     1>h:\github\t3000_building_automation_system\modbus poll\msflexgrid1.h(72): warning C4146: unary minus operator applied to unsigned type, result still unsigned
     1>h:\github\t3000_building_automation_system\modbus poll\global_struct.h(11): warning C4091: 'typedef ' : ignored on left of 'RegPoint' when no variable is declared
     1>h:\github\t3000_building_automation_system\modbus poll\global_struct.h(18): warning C4091: 'typedef ' : ignored on left of 'Registers_Infor' when no variable is declared
         Modbus PollDoc.cpp
     1>h:\github\t3000_building_automation_system\modbus poll\msflexgrid1.h(72): warning C4146: unary minus operator applied to unsigned type, result still unsigned
     1>h:\github\t3000_building_automation_system\modbus poll\global_struct.h(11): warning C4091: 'typedef ' : ignored on left of 'RegPoint' when no variable is declared
     1>h:\github\t3000_building_automation_system\modbus poll\global_struct.h(18): warning C4091: 'typedef ' : ignored on left of 'Registers_Infor' when no variable is declared
         Modbus PollView.cpp
     1>h:\github\t3000_building_automation_system\modbus poll\msflexgrid1.h(72): warning C4146: unary minus operator applied to unsigned type, result still unsigned
     1>h:\github\t3000_building_automation_system\modbus poll\global_struct.h(11): warning C4091: 'typedef ' : ignored on left of 'RegPoint' when no variable is declared
     1>h:\github\t3000_building_automation_system\modbus poll\global_struct.h(18): warning C4091: 'typedef ' : ignored on left of 'Registers_Infor' when no variable is declared
         msflexgrid1.cpp
     1>h:\github\t3000_building_automation_system\modbus poll\msflexgrid1.h(72): warning C4146: unary minus operator applied to unsigned type, result still unsigned
         ReadWriteDefinitionDlg.cpp
         ReadWrite_Multiple_RegDlg.cpp
     1>h:\github\t3000_building_automation_system\modbus poll\msflexgrid1.h(72): warning C4146: unary minus operator applied to unsigned type, result still unsigned
     1>h:\github\t3000_building_automation_system\modbus poll\global_struct.h(11): warning C4091: 'typedef ' : ignored on left of 'RegPoint' when no variable is declared
     1>h:\github\t3000_building_automation_system\modbus poll\global_struct.h(18): warning C4091: 'typedef ' : ignored on left of 'Registers_Infor' when no variable is declared
     1>ReadWrite_Multiple_RegDlg.cpp(89): warning C4018: '<' : signed/unsigned mismatch
     1>ReadWrite_Multiple_RegDlg.cpp(215): warning C4244: 'initializing' : conversion from 'wchar_t' to 'char', possible loss of data
     1>ReadWrite_Multiple_RegDlg.cpp(352): warning C4018: '<' : signed/unsigned mismatch
         RegisterValueAnalyzerDlg.cpp
     1>h:\github\t3000_building_automation_system\modbus poll\global_struct.h(11): warning C4091: 'typedef ' : ignored on left of 'RegPoint' when no variable is declared
     1>h:\github\t3000_building_automation_system\modbus poll\global_struct.h(18): warning C4091: 'typedef ' : ignored on left of 'Registers_Infor' when no variable is declared
     1>RegisterValueAnalyzerDlg.cpp(544): warning C4018: '<' : signed/unsigned mismatch
     1>RegisterValueAnalyzerDlg.cpp(693): warning C4018: '<' : signed/unsigned mismatch
         WriteMultiRegistersDlg.cpp
     1>h:\github\t3000_building_automation_system\modbus poll\msflexgrid1.h(72): warning C4146: unary minus operator applied to unsigned type, result still unsigned
     1>h:\github\t3000_building_automation_system\modbus poll\global_struct.h(11): warning C4091: 'typedef ' : ignored on left of 'RegPoint' when no variable is declared
     1>h:\github\t3000_building_automation_system\modbus poll\global_struct.h(18): warning C4091: 'typedef ' : ignored on left of 'Registers_Infor' when no variable is declared
     1>WriteMultiRegistersDlg.cpp(90): warning C4018: '<' : signed/unsigned mismatch
     1>WriteMultiRegistersDlg.cpp(289): warning C4244: 'initializing' : conversion from 'wchar_t' to 'char', possible loss of data
     1>WriteMultiRegistersDlg.cpp(359): warning C4018: '<' : signed/unsigned mismatch
     1>WriteMultiRegistersDlg.cpp(358): warning C4101: 'Ret_Value' : unreferenced local variable
         WriteSingleRegisterDlg.cpp
     1>h:\github\t3000_building_automation_system\modbus poll\global_struct.h(11): warning C4091: 'typedef ' : ignored on left of 'RegPoint' when no variable is declared
     1>h:\github\t3000_building_automation_system\modbus poll\global_struct.h(18): warning C4091: 'typedef ' : ignored on left of 'Registers_Infor' when no variable is declared
     1>h:\github\t3000_building_automation_system\modbus poll\msflexgrid1.h(72): warning C4146: unary minus operator applied to unsigned type, result still unsigned
         WriteSingle_BinaryDlg.cpp
     1>h:\github\t3000_building_automation_system\modbus poll\global_struct.h(11): warning C4091: 'typedef ' : ignored on left of 'RegPoint' when no variable is declared
     1>h:\github\t3000_building_automation_system\modbus poll\global_struct.h(18): warning C4091: 'typedef ' : ignored on left of 'Registers_Infor' when no variable is declared
     1>h:\github\t3000_building_automation_system\modbus poll\msflexgrid1.h(72): warning C4146: unary minus operator applied to unsigned type, result still unsigned
     1>WriteSingle_BinaryDlg.cpp(94): warning C4244: 'initializing' : conversion from 'wchar_t' to 'char', possible loss of data
       ResourceCompile:
         D:\Program Files\Microsoft SDKs\Windows\v7.0A\bin\rc.exe /D NDEBUG /D _UNICODE /D UNICODE /D _AFXDLL /l"0x0409" /IRelease\ /nologo /fo"Release\Modbus Poll.res" "Modbus Poll.rc" 
       Link:
         E:\Program Files\VS2010\VC\bin\link.exe /ERRORREPORT:PROMPT /OUT:"..\T3000 Output\release\Modbus Poll.exe" /INCREMENTAL:NO /NOLOGO /LIBPATH:"..\T3000 Output\release" /MANIFEST /ManifestFile:"Release\Modbus Poll.exe.intermediate.manifest" /MANIFESTUAC:"level='asInvoker' uiAccess='false'" /DEBUG /PDB:"H:\GitHub\T3000_Building_Automation_System\T3000 Output\release\Modbus Poll.pdb" /SUBSYSTEM:WINDOWS /OPT:REF /OPT:ICF /LTCG /TLBID:1 /ENTRY:"wWinMainCRTStartup" /DYNAMICBASE /NXCOMPAT /IMPLIB:"..\T3000 Output\release\Modbus Poll.lib" /MACHINE:X86 "Release\Modbus Poll.res"
         Release\ChartAxis.obj
         Release\ChartAxisLabel.obj
         Release\ChartBarSerie.obj
         Release\ChartCandlestickSerie.obj
         Release\ChartCrossHairCursor.obj
         Release\ChartCtrl.obj
         Release\ChartCursor.obj
         Release\ChartDateTimeAxis.obj
         Release\ChartDragLineCursor.obj
         Release\ChartFont.obj
         Release\ChartGanttSerie.obj
         Release\ChartGradient.obj
         Release\ChartGrid.obj
         Release\ChartLegend.obj
         Release\ChartLineSerie.obj
         Release\ChartLogarithmicAxis.obj
         Release\ChartPointsSerie.obj
         Release\ChartScrollBar.obj
         Release\ChartSerie.obj
         Release\ChartStandardAxis.obj
         Release\ChartSurfaceSerie.obj
         Release\ChartTitle.obj
         Release\ChartXYSerie.obj
         Release\ChildFrm.obj
         Release\CommunicationTrafficDlg.obj
         Release\ConnectionSetup.obj
         Release\EnterValueDlg.obj
         Release\Enter_Value_BinaryDlg.obj
         Release\globle_function.obj
         Release\MainFrm.obj
         "Release\Modbus Poll.obj"
         "Release\Modbus PollDoc.obj"
         "Release\Modbus PollView.obj"
         Release\msflexgrid1.obj
         Release\ReadWriteDefinitionDlg.obj
         Release\ReadWrite_Multiple_RegDlg.obj
         Release\RegisterValueAnalyzerDlg.obj
         Release\stdafx.obj
         Release\WriteMultiRegistersDlg.obj
         Release\WriteSingleRegisterDlg.obj
         Release\WriteSingle_BinaryDlg.obj
         Generating code
         Finished generating code
         Modbus Poll.vcxproj -> H:\GitHub\T3000_Building_Automation_System\Modbus Poll\..\T3000 Output\release\Modbus Poll.exe
       Manifest:
         D:\Program Files\Microsoft SDKs\Windows\v7.0A\bin\mt.exe /nologo /verbose /outputresource:"..\T3000 Output\release\Modbus Poll.exe;#1" /manifest "Release\Modbus Poll.exe.intermediate.manifest" "E:\Program Files\VS2010\VC\Include\Manifest\dpiaware.manifest"
       FinalizeBuildStatus:
         Deleting file "Release\Modbus Poll.unsuccessfulbuild".
         Touching "Release\Modbus Poll.lastbuildstate".
     1>Done Building Project "H:\GitHub\T3000_Building_Automation_System\Modbus Poll\Modbus Poll.vcxproj" (build target(s)).

Build succeeded.

Time Elapsed 00:00:18.64
