E:\TEMCO TEST\MODBUS POLL\MODBUS POLL\RELEASE\CHILDFRM.OBJ
E:\Temco Test\Modbus Poll\Modbus Poll\Release\cl.command.1.tlog
E:\Temco Test\Modbus Poll\Modbus Poll\Release\CL.read.1.tlog
E:\Temco Test\Modbus Poll\Modbus Poll\Release\CL.write.1.tlog
E:\TEMCO TEST\MODBUS POLL\MODBUS POLL\RELEASE\COMMUNICATIONTRAFFICDLG.OBJ
E:\TEMCO TEST\MODBUS POLL\MODBUS POLL\RELEASE\CONNECTIONSETUP.OBJ
E:\TEMCO TEST\MODBUS POLL\MODBUS POLL\RELEASE\ENTER_VALUE_BINARYDLG.OBJ
E:\TEMCO TEST\MODBUS POLL\MODBUS POLL\RELEASE\ENTERVALUEDLG.OBJ
E:\TEMCO TEST\MODBUS POLL\MODBUS POLL\RELEASE\ENUMSERIAL.OBJ
E:\TEMCO TEST\MODBUS POLL\MODBUS POLL\RELEASE\GLOBLE_FUNCTION.OBJ
E:\Temco Test\Modbus Poll\Modbus Poll\Release\link.command.1.tlog
E:\Temco Test\Modbus Poll\Modbus Poll\Release\link.read.1.tlog
E:\Temco Test\Modbus Poll\Modbus Poll\Release\link.write.1.tlog
E:\TEMCO TEST\MODBUS POLL\MODBUS POLL\RELEASE\MAINFRM.OBJ
E:\TEMCO TEST\MODBUS POLL\MODBUS POLL\RELEASE\MODBUS POLL.OBJ
E:\TEMCO TEST\MODBUS POLL\MODBUS POLL\RELEASE\MODBUS POLL.PCH
E:\TEMCO TEST\MODBUS POLL\MODBUS POLL\RELEASE\MODBUS POLL.RES
E:\TEMCO TEST\MODBUS POLL\MODBUS POLL\RELEASE\MODBUS POLLDOC.OBJ
E:\TEMCO TEST\MODBUS POLL\MODBUS POLL\RELEASE\MODBUS POLLVIEW.OBJ
E:\TEMCO TEST\MODBUS POLL\MODBUS POLL\RELEASE\MSFLEXGRID1.OBJ
E:\Temco Test\Modbus Poll\Modbus Poll\Release\rc.command.1.tlog
E:\Temco Test\Modbus Poll\Modbus Poll\Release\rc.read.1.tlog
E:\Temco Test\Modbus Poll\Modbus Poll\Release\rc.write.1.tlog
E:\TEMCO TEST\MODBUS POLL\MODBUS POLL\RELEASE\READWRITE_MULTIPLE_REGDLG.OBJ
E:\TEMCO TEST\MODBUS POLL\MODBUS POLL\RELEASE\READWRITEDEFINITIONDLG.OBJ
E:\TEMCO TEST\MODBUS POLL\MODBUS POLL\RELEASE\STDAFX.OBJ
E:\TEMCO TEST\MODBUS POLL\MODBUS POLL\RELEASE\VC100.PDB
E:\TEMCO TEST\MODBUS POLL\MODBUS POLL\RELEASE\WRITEMULTIREGISTERSDLG.OBJ
E:\TEMCO TEST\MODBUS POLL\MODBUS POLL\RELEASE\WRITESINGLE_BINARYDLG.OBJ
E:\TEMCO TEST\MODBUS POLL\MODBUS POLL\RELEASE\WRITESINGLEREGISTERDLG.OBJ
